0 info it worked if it ends with ok
1 verbose cli [ 'C:\\Program Files\\nodejs\\node.exe',
1 verbose cli   'C:\\Program Files\\nodejs\\node_modules\\npm\\bin\\npm-cli.js',
1 verbose cli   'publish' ]
2 info using npm@3.10.10
3 info using node@v6.11.0
4 verbose publish [ '.' ]
5 silly cache add args [ '.', null ]
6 verbose cache add spec .
7 silly cache add parsed spec Result {
7 silly cache add   raw: '.',
7 silly cache add   scope: null,
7 silly cache add   escapedName: null,
7 silly cache add   name: null,
7 silly cache add   rawSpec: '.',
7 silly cache add   spec: 'C:\\nodejs-cnab240',
7 silly cache add   type: 'directory' }
8 verbose addLocalDirectory C:\Users\Bruno\AppData\Roaming\npm-cache\nodejs-remessa-cnab240\1.0.0\package.tgz not in flight; packing
9 verbose correctMkdir C:\Users\Bruno\AppData\Roaming\npm-cache correctMkdir not in flight; initializing
10 info lifecycle nodejs-remessa-cnab240@1.0.0~prepublish: nodejs-remessa-cnab240@1.0.0
11 silly lifecycle nodejs-remessa-cnab240@1.0.0~prepublish: no script for prepublish, continuing
12 verbose tar pack [ 'C:\\Users\\Bruno\\AppData\\Roaming\\npm-cache\\nodejs-remessa-cnab240\\1.0.0\\package.tgz',
12 verbose tar pack   'C:\\nodejs-cnab240' ]
13 verbose tarball C:\Users\Bruno\AppData\Roaming\npm-cache\nodejs-remessa-cnab240\1.0.0\package.tgz
14 verbose folder C:\nodejs-cnab240
15 verbose addLocalTarball adding from inside cache C:\Users\Bruno\AppData\Roaming\npm-cache\nodejs-remessa-cnab240\1.0.0\package.tgz
16 verbose correctMkdir C:\Users\Bruno\AppData\Roaming\npm-cache correctMkdir not in flight; initializing
17 silly cache afterAdd nodejs-remessa-cnab240@1.0.0
18 verbose afterAdd C:\Users\Bruno\AppData\Roaming\npm-cache\nodejs-remessa-cnab240\1.0.0\package\package.json not in flight; writing
19 verbose correctMkdir C:\Users\Bruno\AppData\Roaming\npm-cache correctMkdir not in flight; initializing
20 verbose afterAdd C:\Users\Bruno\AppData\Roaming\npm-cache\nodejs-remessa-cnab240\1.0.0\package\package.json written
21 silly publish { name: 'nodejs-remessa-cnab240',
21 silly publish   version: '1.0.0',
21 silly publish   description: 'Geração de remessa no padrão cnab240 para diversos bancos.',
21 silly publish   main: 'index.js',
21 silly publish   repository:
21 silly publish    { type: 'git',
21 silly publish      url: 'git+https://github.com/brunodev18/nodejs-cnab240.git' },
21 silly publish   scripts: {},
21 silly publish   author: { name: 'Bruno Pontes' },
21 silly publish   license: 'ISC',
21 silly publish   dependencies: { 'left-pad': '^1.2.0', moment: '^2.20.1' },
21 silly publish   gitHead: '1ad266fa791ceeedcd819b01458505acd795d582',
21 silly publish   bugs: { url: 'https://github.com/brunodev18/nodejs-cnab240/issues' },
21 silly publish   readme: 'ERROR: No README data found!',
21 silly publish   homepage: 'https://github.com/brunodev18/nodejs-cnab240#readme',
21 silly publish   _id: 'nodejs-remessa-cnab240@1.0.0',
21 silly publish   _shasum: '52c5f4b140d36a40bdd631de5fa78006f1426f17',
21 silly publish   _from: '.' }
22 verbose getPublishConfig undefined
23 silly mapToRegistry name nodejs-remessa-cnab240
24 silly mapToRegistry using default registry
25 silly mapToRegistry registry https://registry.npmjs.org/
26 silly mapToRegistry data Result {
26 silly mapToRegistry   raw: 'nodejs-remessa-cnab240',
26 silly mapToRegistry   scope: null,
26 silly mapToRegistry   escapedName: 'nodejs-remessa-cnab240',
26 silly mapToRegistry   name: 'nodejs-remessa-cnab240',
26 silly mapToRegistry   rawSpec: '',
26 silly mapToRegistry   spec: 'latest',
26 silly mapToRegistry   type: 'tag' }
27 silly mapToRegistry uri https://registry.npmjs.org/nodejs-remessa-cnab240
28 verbose publish registryBase https://registry.npmjs.org/
29 silly publish uploading C:\Users\Bruno\AppData\Roaming\npm-cache\nodejs-remessa-cnab240\1.0.0\package.tgz
30 verbose request uri https://registry.npmjs.org/nodejs-remessa-cnab240
31 verbose request sending authorization for write operation
32 info attempt registry request try #1 at 19:26:42
33 verbose request using bearer token for auth
34 verbose request id 1462d5e708e07866
35 http request PUT https://registry.npmjs.org/nodejs-remessa-cnab240
36 http 403 https://registry.npmjs.org/nodejs-remessa-cnab240
37 verbose headers { 'content-type': 'application/json',
37 verbose headers   'cache-control': 'max-age=300',
37 verbose headers   'content-length': '104',
37 verbose headers   'accept-ranges': 'bytes',
37 verbose headers   date: 'Wed, 10 Jan 2018 22:27:22 GMT',
37 verbose headers   via: '1.1 varnish',
37 verbose headers   connection: 'keep-alive',
37 verbose headers   'x-served-by': 'cache-gru17134-GRU',
37 verbose headers   'x-cache': 'MISS',
37 verbose headers   'x-cache-hits': '0',
37 verbose headers   'x-timer': 'S1515623241.379337,VS0,VE937',
37 verbose headers   vary: 'Accept-Encoding, Accept' }
38 verbose request invalidating C:\Users\Bruno\AppData\Roaming\npm-cache\registry.npmjs.org\nodejs-remessa-cnab240 on PUT
39 error publish Failed PUT 403
40 verbose stack Error: you must verify your email before publishing a new package: https://www.npmjs.com/email-edit : nodejs-remessa-cnab240
40 verbose stack     at makeError (C:\Program Files\nodejs\node_modules\npm\node_modules\npm-registry-client\lib\request.js:302:12)
40 verbose stack     at CachingRegistryClient.<anonymous> (C:\Program Files\nodejs\node_modules\npm\node_modules\npm-registry-client\lib\request.js:290:14)
40 verbose stack     at Request._callback (C:\Program Files\nodejs\node_modules\npm\node_modules\npm-registry-client\lib\request.js:210:14)
40 verbose stack     at Request.self.callback (C:\Program Files\nodejs\node_modules\npm\node_modules\request\request.js:187:22)
40 verbose stack     at emitTwo (events.js:106:13)
40 verbose stack     at Request.emit (events.js:191:7)
40 verbose stack     at Request.<anonymous> (C:\Program Files\nodejs\node_modules\npm\node_modules\request\request.js:1048:10)
40 verbose stack     at emitOne (events.js:96:13)
40 verbose stack     at Request.emit (events.js:188:7)
40 verbose stack     at IncomingMessage.<anonymous> (C:\Program Files\nodejs\node_modules\npm\node_modules\request\request.js:969:12)
41 verbose statusCode 403
42 verbose pkgid nodejs-remessa-cnab240
43 verbose cwd C:\nodejs-cnab240
44 error Windows_NT 10.0.15063
45 error argv "C:\\Program Files\\nodejs\\node.exe" "C:\\Program Files\\nodejs\\node_modules\\npm\\bin\\npm-cli.js" "publish"
46 error node v6.11.0
47 error npm  v3.10.10
48 error code E403
49 error you must verify your email before publishing a new package: https://www.npmjs.com/email-edit : nodejs-remessa-cnab240
50 error If you need help, you may report this error at:
50 error     <https://github.com/npm/npm/issues>
51 verbose exit [ 1, true ]
